[0m14:28:14.206043 [debug] [MainThread]: Sending event: {'category': 'dbt', 'action': 'invocation', 'label': 'start', 'context': [<snowplow_tracker.self_describing_json.SelfDescribingJson object at 0x7f9ab2aa3460>, <snowplow_tracker.self_describing_json.SelfDescribingJson object at 0x7f9ab4e942b0>, <snowplow_tracker.self_describing_json.SelfDescribingJson object at 0x7f9ab4e94850>]}


============================== 14:28:14.211961 | f0b82e75-ff11-4991-918c-141778a545d1 ==============================
[0m14:28:14.211961 [info ] [MainThread]: Running with dbt=1.8.7
[0m14:28:14.212972 [debug] [MainThread]: running dbt with arguments {'profiles_dir': '/Users/macbookpro/.dbt', 'log_cache_events': 'False', 'empty': 'None', 'warn_error': 'None', 'no_print': 'None', 'send_anonymous_usage_stats': 'True', 'use_colors': 'True', 'cache_selected_only': 'False', 'partial_parse': 'True', 'log_path': 'logs', 'indirect_selection': 'eager', 'target_path': 'None', 'static_parser': 'True', 'quiet': 'False', 'introspect': 'True', 'printer_width': '80', 'debug': 'False', 'invocation_command': 'dbt init', 'use_experimental_parser': 'False', 'warn_error_options': 'WarnErrorOptions(include=[], exclude=[])', 'fail_fast': 'False', 'log_format': 'default', 'version_check': 'True', 'write_json': 'True'}
[0m14:28:14.239150 [warn ] [MainThread]: [ConfigFolderDirectory]: Unable to parse dict {'dir': PosixPath('/Users/macbookpro/.dbt')}
[0m14:28:14.239948 [info ] [MainThread]: Creating dbt configuration folder at 
[0m14:28:29.187122 [debug] [MainThread]: Starter project path: /opt/anaconda3/lib/python3.9/site-packages/dbt/include/starter_project
[0m14:28:29.211066 [info ] [MainThread]: 
Your new dbt project "mcn_data_pipeline" was created!

For more information on how to configure the profiles.yml file,
please consult the dbt documentation here:

  https://docs.getdbt.com/docs/configure-your-profile

One more thing:

Need help? Don't hesitate to reach out to us via GitHub issues or on Slack:

  https://community.getdbt.com/

Happy modeling!

[0m14:28:29.211772 [info ] [MainThread]: Setting up your profile.
[0m14:28:29.213202 [error] [MainThread]: Encountered an error:
Runtime Error
  No adapters available. Learn how to install an adapter by going to https://docs.getdbt.com/docs/connect-adapters#install-using-the-cli
[0m14:28:29.244234 [debug] [MainThread]: Resource report: {"command_name": "init", "command_wall_clock_time": 15.188333, "process_user_time": 2.095191, "process_kernel_time": 0.511593, "process_mem_max_rss": "84647936", "command_success": false, "process_in_blocks": "0", "process_out_blocks": "0"}
[0m14:28:29.245680 [debug] [MainThread]: Command `dbt init` failed at 14:28:29.245437 after 15.19 seconds
[0m14:28:29.246480 [debug] [MainThread]: Sending event: {'category': 'dbt', 'action': 'invocation', 'label': 'end', 'context': [<snowplow_tracker.self_describing_json.SelfDescribingJson object at 0x7f9ab2aa3460>, <snowplow_tracker.self_describing_json.SelfDescribingJson object at 0x7f9ab4e94850>, <snowplow_tracker.self_describing_json.SelfDescribingJson object at 0x7f9ab4efd8e0>]}
[0m14:28:29.247089 [debug] [MainThread]: Flushing usage events
[0m14:30:35.868734 [debug] [MainThread]: Sending event: {'category': 'dbt', 'action': 'invocation', 'label': 'start', 'context': [<snowplow_tracker.self_describing_json.SelfDescribingJson object at 0x7ff2230924c0>, <snowplow_tracker.self_describing_json.SelfDescribingJson object at 0x7ff2250f6430>, <snowplow_tracker.self_describing_json.SelfDescribingJson object at 0x7ff2250f6250>]}


============================== 14:30:35.879579 | cf173147-9498-4067-bd82-075dc43f3ffb ==============================
[0m14:30:35.879579 [info ] [MainThread]: Running with dbt=1.8.7
[0m14:30:35.880795 [debug] [MainThread]: running dbt with arguments {'printer_width': '80', 'indirect_selection': 'eager', 'log_cache_events': 'False', 'write_json': 'True', 'partial_parse': 'True', 'cache_selected_only': 'False', 'profiles_dir': '/Users/macbookpro/.dbt', 'debug': 'False', 'warn_error': 'None', 'log_path': 'logs', 'version_check': 'True', 'fail_fast': 'False', 'use_colors': 'True', 'use_experimental_parser': 'False', 'empty': 'None', 'quiet': 'False', 'no_print': 'None', 'log_format': 'default', 'static_parser': 'True', 'invocation_command': 'dbt init', 'introspect': 'True', 'target_path': 'None', 'warn_error_options': 'WarnErrorOptions(include=[], exclude=[])', 'send_anonymous_usage_stats': 'True'}
[0m14:30:47.724818 [debug] [MainThread]: Starter project path: /Users/macbookpro/Documents/mds_airbyte_snowflake/env/lib/python3.9/site-packages/dbt/include/starter_project
[0m14:30:47.749836 [info ] [MainThread]: 
Your new dbt project "mc2_data_pipeline" was created!

For more information on how to configure the profiles.yml file,
please consult the dbt documentation here:

  https://docs.getdbt.com/docs/configure-your-profile

One more thing:

Need help? Don't hesitate to reach out to us via GitHub issues or on Slack:

  https://community.getdbt.com/

Happy modeling!

[0m14:30:47.751430 [info ] [MainThread]: Setting up your profile.
[0m14:37:09.265761 [info ] [MainThread]: Profile mc2_data_pipeline written to /Users/macbookpro/.dbt/profiles.yml using target's profile_template.yml and your supplied values. Run 'dbt debug' to validate the connection.
[0m14:37:09.320226 [debug] [MainThread]: Resource report: {"command_name": "init", "command_success": true, "command_wall_clock_time": 393.6512, "process_user_time": 2.214555, "process_kernel_time": 0.706862, "process_mem_max_rss": "96161792", "process_in_blocks": "0", "process_out_blocks": "0"}
[0m14:37:09.335548 [debug] [MainThread]: Command `dbt init` succeeded at 14:37:09.332740 after 393.67 seconds
[0m14:37:09.341723 [debug] [MainThread]: Sending event: {'category': 'dbt', 'action': 'invocation', 'label': 'end', 'context': [<snowplow_tracker.self_describing_json.SelfDescribingJson object at 0x7ff2230924c0>, <snowplow_tracker.self_describing_json.SelfDescribingJson object at 0x7ff2250cf550>, <snowplow_tracker.self_describing_json.SelfDescribingJson object at 0x7ff2250e6220>]}
[0m14:37:09.346717 [debug] [MainThread]: Flushing usage events
